Using pre-set license
Built from '2020.3/staging' branch; Version is '2020.3.16f1 (049d6eca3c44) revision 302446'; Using compiler version '192528614'; Build Type 'Release'
OS: 'Windows 10 Enterprise; OS build 17763.437; Version 1809; 64bit' Language: 'en' Physical Memory: 16235 MB
BatchMode: 1, IsHumanControllingUs: 0, StartBugReporterOnCrash: 0, Is64bit: 1, IsPro: 0

 COMMAND LINE ARGUMENTS:
C:\Program Files\Unity\Hub\Editor\2020.3.16f1\Editor\Unity.exe
-adb2
-batchMode
-noUpm
-name
AssetImportWorker0
-projectPath
C:/Users/ereyna/New Unity Project
-logFile
Logs/AssetImportWorker0.log
-srvPort
51855
Successfully changed project path to: C:/Users/ereyna/New Unity Project
C:/Users/ereyna/New Unity Project
Using Asset Import Pipeline V2.
Refreshing native plugins compatible for Editor in 31.79 ms, found 2 plugins.
Preloading 0 native plugins for Editor in 0.00 ms.
Initialize engine version: 2020.3.16f1 (049d6eca3c44)
[Subsystems] Discovering subsystems at path C:/Program Files/Unity/Hub/Editor/2020.3.16f1/Editor/Data/Resources/UnitySubsystems
[Subsystems] Discovering subsystems at path C:/Users/ereyna/New Unity Project/Assets
GfxDevice: creating device client; threaded=0
Direct3D:
    Version:  Direct3D 11.0 [level 11.1]
    Renderer: NVIDIA Quadro P2000 (ID=0x1cba)
    Vendor:   
    VRAM:     4018 MB
    Driver:   27.21.14.5225
Initialize mono
Mono path[0] = 'C:/Program Files/Unity/Hub/Editor/2020.3.16f1/Editor/Data/Managed'
Mono path[1] = 'C:/Program Files/Unity/Hub/Editor/2020.3.16f1/Editor/Data/MonoBleedingEdge/lib/mono/unityjit'
Mono config path = 'C:/Program Files/Unity/Hub/Editor/2020.3.16f1/Editor/Data/MonoBleedingEdge/etc'
Using monoOptions --debugger-agent=transport=dt_socket,embedding=1,server=y,suspend=n,address=127.0.0.1:56632
Begin MonoManager ReloadAssembly
Registering precompiled unity dll's ...
Register platform support module: C:/Program Files/Unity/Hub/Editor/2020.3.16f1/Editor/Data/PlaybackEngines/WindowsStandaloneSupport/UnityEditor.WindowsStandalone.Extensions.dll
Registered in 0.003031 seconds.
Native extension for WindowsStandalone target not found
Refreshing native plugins compatible for Editor in 27.72 ms, found 2 plugins.
Preloading 0 native plugins for Editor in 0.00 ms.
Mono: successfully reloaded assembly
- Completed reload, in  1.943 seconds
Domain Reload Profiling:
	ReloadAssembly (1943ms)
		BeginReloadAssembly (73ms)
			ExecutionOrderSort (0ms)
			DisableScriptedObjects (0ms)
			BackupInstance (0ms)
			ReleaseScriptingObjects (0ms)
			CreateAndSetChildDomain (1ms)
		EndReloadAssembly (486ms)
			LoadAssemblies (70ms)
			RebuildTransferFunctionScriptingTraits (0ms)
			SetupTypeCache (157ms)
			ReleaseScriptCaches (0ms)
			RebuildScriptCaches (33ms)
			SetupLoadedEditorAssemblies (153ms)
				LogAssemblyErrors (0ms)
				InitializePlatformSupportModulesInManaged (4ms)
				SetLoadedEditorAssemblies (0ms)
				RefreshPlugins (28ms)
				BeforeProcessingInitializeOnLoad (9ms)
				ProcessInitializeOnLoadAttributes (84ms)
				ProcessInitializeOnLoadMethodAttributes (28ms)
				AfterProcessingInitializeOnLoad (0ms)
				EditorAssembliesLoaded (0ms)
			ExecutionOrderSort2 (0ms)
			AwakeInstancesAfterBackupRestoration (0ms)
Platform modules already initialized, skipping
Registering precompiled user dll's ...
Registered in 0.011062 seconds.
Begin MonoManager ReloadAssembly
Native extension for WindowsStandalone target not found
Refreshing native plugins compatible for Editor in 0.47 ms, found 2 plugins.
Preloading 0 native plugins for Editor in 0.00 ms.
Mono: successfully reloaded assembly
- Completed reload, in  1.231 seconds
Domain Reload Profiling:
	ReloadAssembly (1231ms)
		BeginReloadAssembly (162ms)
			ExecutionOrderSort (0ms)
			DisableScriptedObjects (5ms)
			BackupInstance (0ms)
			ReleaseScriptingObjects (0ms)
			CreateAndSetChildDomain (18ms)
		EndReloadAssembly (1004ms)
			LoadAssemblies (103ms)
			RebuildTransferFunctionScriptingTraits (0ms)
			SetupTypeCache (299ms)
			ReleaseScriptCaches (0ms)
			RebuildScriptCaches (58ms)
			SetupLoadedEditorAssemblies (432ms)
				LogAssemblyErrors (0ms)
				InitializePlatformSupportModulesInManaged (9ms)
				SetLoadedEditorAssemblies (1ms)
				RefreshPlugins (1ms)
				BeforeProcessingInitializeOnLoad (68ms)
				ProcessInitializeOnLoadAttributes (342ms)
				ProcessInitializeOnLoadMethodAttributes (4ms)
				AfterProcessingInitializeOnLoad (8ms)
				EditorAssembliesLoaded (0ms)
			ExecutionOrderSort2 (0ms)
			AwakeInstancesAfterBackupRestoration (6ms)
Platform modules already initialized, skipping
========================================================================
Worker process is ready to serve import requests
Launched and connected shader compiler UnityShaderCompiler.exe after 0.13 seconds
Refreshing native plugins compatible for Editor in 0.35 ms, found 2 plugins.
Preloading 0 native plugins for Editor in 0.00 ms.
Unloading 1399 Unused Serialized files (Serialized files now loaded: 0)
System memory in use before: 64.9 MB.
System memory in use after: 65.0 MB.

Unloading 18 unused Assets to reduce memory usage. Loaded Objects now: 1832.
Total: 3.335100 ms (FindLiveObjects: 0.151700 ms CreateObjectMapping: 0.045300 ms MarkObjects: 2.991400 ms  DeleteObjects: 0.145900 ms)

AssetImportParameters requested are different than current active one (requested -> active):
  custom:framework-win-MediaFoundation: 216162199b28c13a410421893ffa2e32 -> 
  custom:video-decoder-ogg-theora: a1e56fd34408186e4bbccfd4996cb3dc -> 
  custom:container-muxer-webm: aa71ff27fc2769a1b78a27578f13a17b -> 
  custom:container-demuxer-webm: 4f35f7cbe854078d1ac9338744f61a02 -> 
  custom:container-demuxer-ogg: 62fdf1f143b41e24485cea50d1cbac27 -> 
  custom:video-encoder-webm-vp8: eb34c28f22e8b96e1ab97ce403110664 -> 
  custom:video-decoder-webm-vp8: 9c59270c3fd7afecdb556c50c9e8de78 -> 
  custom:audio-decoder-ogg-vorbis: bf7c407c2cedff20999df2af8eb42d56 -> 
  custom:audio-encoder-webm-vorbis: bf7c407c2cedff20999df2af8eb42d56 -> 
========================================================================
Received Import Request.
  path: Assets/scripts/Sun Cycle.cs
  artifactKey: Guid(c729aa3f57ae1cc4b9cbd6d016b69be0) Importer(815301076,1909f56bfc062723c751e8b465ee728b)
Start importing Assets/scripts/Sun Cycle.cs using Guid(c729aa3f57ae1cc4b9cbd6d016b69be0) Importer(815301076,1909f56bfc062723c751e8b465ee728b)  -> (artifact id: 'd116a4317d5d244f383472e2763c7405') in 0.053978 seconds 
  Import took 0.057260 seconds .

========================================================================
Received Prepare
Registering precompiled user dll's ...
Registered in 0.014582 seconds.
Begin MonoManager ReloadAssembly
Native extension for WindowsStandalone target not found
Refreshing native plugins compatible for Editor in 0.29 ms, found 2 plugins.
Preloading 0 native plugins for Editor in 0.00 ms.
Mono: successfully reloaded assembly
- Completed reload, in  1.130 seconds
Domain Reload Profiling:
	ReloadAssembly (1132ms)
		BeginReloadAssembly (133ms)
			ExecutionOrderSort (0ms)
			DisableScriptedObjects (6ms)
			BackupInstance (0ms)
			ReleaseScriptingObjects (0ms)
			CreateAndSetChildDomain (35ms)
		EndReloadAssembly (913ms)
			LoadAssemblies (111ms)
			RebuildTransferFunctionScriptingTraits (0ms)
			SetupTypeCache (280ms)
			ReleaseScriptCaches (1ms)
			RebuildScriptCaches (44ms)
			SetupLoadedEditorAssemblies (404ms)
				LogAssemblyErrors (0ms)
				InitializePlatformSupportModulesInManaged (5ms)
				SetLoadedEditorAssemblies (0ms)
				RefreshPlugins (0ms)
				BeforeProcessingInitializeOnLoad (47ms)
				ProcessInitializeOnLoadAttributes (336ms)
				ProcessInitializeOnLoadMethodAttributes (5ms)
				AfterProcessingInitializeOnLoad (9ms)
				EditorAssembliesLoaded (0ms)
			ExecutionOrderSort2 (0ms)
			AwakeInstancesAfterBackupRestoration (8ms)
Platform modules already initialized, skipping
Refreshing native plugins compatible for Editor in 0.37 ms, found 2 plugins.
Preloading 0 native plugins for Editor in 0.00 ms.
Unloading 1393 Unused Serialized files (Serialized files now loaded: 0)
System memory in use before: 64.7 MB.
System memory in use after: 64.8 MB.

Unloading 13 unused Assets to reduce memory usage. Loaded Objects now: 1834.
Total: 3.062000 ms (FindLiveObjects: 0.147200 ms CreateObjectMapping: 0.087100 ms MarkObjects: 2.807300 ms  DeleteObjects: 0.019600 ms)

AssetImportParameters requested are different than current active one (requested -> active):
  custom:framework-win-MediaFoundation: 216162199b28c13a410421893ffa2e32 -> 
  custom:video-decoder-ogg-theora: a1e56fd34408186e4bbccfd4996cb3dc -> 
  custom:container-muxer-webm: aa71ff27fc2769a1b78a27578f13a17b -> 
  custom:container-demuxer-webm: 4f35f7cbe854078d1ac9338744f61a02 -> 
  custom:container-demuxer-ogg: 62fdf1f143b41e24485cea50d1cbac27 -> 
  custom:video-encoder-webm-vp8: eb34c28f22e8b96e1ab97ce403110664 -> 
  custom:video-decoder-webm-vp8: 9c59270c3fd7afecdb556c50c9e8de78 -> 
  custom:audio-decoder-ogg-vorbis: bf7c407c2cedff20999df2af8eb42d56 -> 
  custom:audio-encoder-webm-vorbis: bf7c407c2cedff20999df2af8eb42d56 -> 
========================================================================
Received Import Request.
  Time since last request: 653.473129 seconds.
  path: Assets/scripts/Sun Cycle.cs
  artifactKey: Guid(c729aa3f57ae1cc4b9cbd6d016b69be0) Importer(815301076,1909f56bfc062723c751e8b465ee728b)
Start importing Assets/scripts/Sun Cycle.cs using Guid(c729aa3f57ae1cc4b9cbd6d016b69be0) Importer(815301076,1909f56bfc062723c751e8b465ee728b)  -> (artifact id: '7061e05ee62eb8f8bbdbf58adb00a183') in 0.013153 seconds 
  Import took 0.018890 seconds .

========================================================================
Received Import Request.
  Time since last request: 30.182078 seconds.
  path: Assets/scripts/NewBehaviourScript.cs
  artifactKey: Guid(d302f4351731983478fa6dc66d193a1c) Importer(815301076,1909f56bfc062723c751e8b465ee728b)
Start importing Assets/scripts/NewBehaviourScript.cs using Guid(d302f4351731983478fa6dc66d193a1c) Importer(815301076,1909f56bfc062723c751e8b465ee728b)  -> (artifact id: '05d8b7b6c7a484d8de9af03b23f49012') in 0.007248 seconds 
  Import took 0.058469 seconds .

========================================================================
Received Import Request.
  Time since last request: 0.021092 seconds.
  path: Assets/scripts/NewBehaviourScript.cs
  artifactKey: Guid(d302f4351731983478fa6dc66d193a1c) Importer(815301076,1909f56bfc062723c751e8b465ee728b)
Start importing Assets/scripts/NewBehaviourScript.cs using Guid(d302f4351731983478fa6dc66d193a1c) Importer(815301076,1909f56bfc062723c751e8b465ee728b)  -> (artifact id: '05d8b7b6c7a484d8de9af03b23f49012') in 0.006808 seconds 
  Import took 0.009690 seconds .

========================================================================
Received Import Request.
  Time since last request: 91.426399 seconds.
  path: Assets/scripts/Noon.cs
  artifactKey: Guid(c729aa3f57ae1cc4b9cbd6d016b69be0) Importer(815301076,1909f56bfc062723c751e8b465ee728b)
Start importing Assets/scripts/Noon.cs using Guid(c729aa3f57ae1cc4b9cbd6d016b69be0) Importer(815301076,1909f56bfc062723c751e8b465ee728b)  -> (artifact id: '91495755677b86b02d60813282509769') in 0.009414 seconds 
  Import took 0.061759 seconds .

========================================================================
Received Import Request.
  Time since last request: 219.018362 seconds.
  path: Assets/scripts/Noon.cs
  artifactKey: Guid(c729aa3f57ae1cc4b9cbd6d016b69be0) Importer(815301076,1909f56bfc062723c751e8b465ee728b)
Start importing Assets/scripts/Noon.cs using Guid(c729aa3f57ae1cc4b9cbd6d016b69be0) Importer(815301076,1909f56bfc062723c751e8b465ee728b)  -> (artifact id: 'd0fd27c69b0562340129e5bc14ecaf53') in 0.053665 seconds 
  Import took 0.057193 seconds .

========================================================================
Received Import Request.
  Time since last request: 731.125386 seconds.
  path: Assets/scripts/Noon.cs
  artifactKey: Guid(c729aa3f57ae1cc4b9cbd6d016b69be0) Importer(815301076,1909f56bfc062723c751e8b465ee728b)
Start importing Assets/scripts/Noon.cs using Guid(c729aa3f57ae1cc4b9cbd6d016b69be0) Importer(815301076,1909f56bfc062723c751e8b465ee728b)  -> (artifact id: '9c12646fa837b902fbf79ed78b7634d3') in 0.005370 seconds 
  Import took 0.055657 seconds .

========================================================================
Received Import Request.
  Time since last request: 273.206597 seconds.
  path: Assets/scripts/SkyColor.cs
  artifactKey: Guid(2e0497f6e54cda24e80c23212e196732) Importer(815301076,1909f56bfc062723c751e8b465ee728b)
Start importing Assets/scripts/SkyColor.cs using Guid(2e0497f6e54cda24e80c23212e196732) Importer(815301076,1909f56bfc062723c751e8b465ee728b)  -> (artifact id: 'c316c95119d56251e85292fef4734964') in 0.007833 seconds 
  Import took 0.012042 seconds .

========================================================================
Received Import Request.
  Time since last request: 333.674512 seconds.
  path: Assets/scripts/SkyColor.cs
  artifactKey: Guid(2e0497f6e54cda24e80c23212e196732) Importer(815301076,1909f56bfc062723c751e8b465ee728b)
Start importing Assets/scripts/SkyColor.cs using Guid(2e0497f6e54cda24e80c23212e196732) Importer(815301076,1909f56bfc062723c751e8b465ee728b)  -> (artifact id: 'd8a4b93f688df56b2f1196da725d7779') in 0.005844 seconds 
  Import took 0.057160 seconds .

========================================================================
Received Import Request.
  Time since last request: 222.612733 seconds.
  path: Assets/scripts/Noon.cs
  artifactKey: Guid(c729aa3f57ae1cc4b9cbd6d016b69be0) Importer(815301076,1909f56bfc062723c751e8b465ee728b)
Start importing Assets/scripts/Noon.cs using Guid(c729aa3f57ae1cc4b9cbd6d016b69be0) Importer(815301076,1909f56bfc062723c751e8b465ee728b)  -> (artifact id: '6156667dd8b7c11def72d759ea59efd1') in 0.006956 seconds 
  Import took 0.056916 seconds .

========================================================================
Received Prepare
Registering precompiled user dll's ...
Registered in 0.019478 seconds.
Begin MonoManager ReloadAssembly
Native extension for WindowsStandalone target not found
Refreshing native plugins compatible for Editor in 0.30 ms, found 2 plugins.
Preloading 0 native plugins for Editor in 0.00 ms.
Mono: successfully reloaded assembly
- Completed reload, in  1.135 seconds
Domain Reload Profiling:
	ReloadAssembly (1136ms)
		BeginReloadAssembly (158ms)
			ExecutionOrderSort (0ms)
			DisableScriptedObjects (7ms)
			BackupInstance (0ms)
			ReleaseScriptingObjects (0ms)
			CreateAndSetChildDomain (49ms)
		EndReloadAssembly (906ms)
			LoadAssemblies (121ms)
			RebuildTransferFunctionScriptingTraits (0ms)
			SetupTypeCache (273ms)
			ReleaseScriptCaches (1ms)
			RebuildScriptCaches (35ms)
			SetupLoadedEditorAssemblies (409ms)
				LogAssemblyErrors (0ms)
				InitializePlatformSupportModulesInManaged (6ms)
				SetLoadedEditorAssemblies (0ms)
				RefreshPlugins (0ms)
				BeforeProcessingInitializeOnLoad (51ms)
				ProcessInitializeOnLoadAttributes (337ms)
				ProcessInitializeOnLoadMethodAttributes (4ms)
				AfterProcessingInitializeOnLoad (10ms)
				EditorAssembliesLoaded (0ms)
			ExecutionOrderSort2 (0ms)
			AwakeInstancesAfterBackupRestoration (7ms)
Platform modules already initialized, skipping
Refreshing native plugins compatible for Editor in 0.36 ms, found 2 plugins.
Preloading 0 native plugins for Editor in 0.00 ms.
Unloading 1394 Unused Serialized files (Serialized files now loaded: 0)
System memory in use before: 64.8 MB.
System memory in use after: 64.9 MB.

Unloading 13 unused Assets to reduce memory usage. Loaded Objects now: 1837.
Total: 2.929400 ms (FindLiveObjects: 0.150400 ms CreateObjectMapping: 0.040200 ms MarkObjects: 2.721600 ms  DeleteObjects: 0.015800 ms)

AssetImportParameters requested are different than current active one (requested -> active):
  custom:framework-win-MediaFoundation: 216162199b28c13a410421893ffa2e32 -> 
  custom:video-decoder-ogg-theora: a1e56fd34408186e4bbccfd4996cb3dc -> 
  custom:container-muxer-webm: aa71ff27fc2769a1b78a27578f13a17b -> 
  custom:container-demuxer-webm: 4f35f7cbe854078d1ac9338744f61a02 -> 
  custom:container-demuxer-ogg: 62fdf1f143b41e24485cea50d1cbac27 -> 
  custom:video-encoder-webm-vp8: eb34c28f22e8b96e1ab97ce403110664 -> 
  custom:video-decoder-webm-vp8: 9c59270c3fd7afecdb556c50c9e8de78 -> 
  custom:audio-decoder-ogg-vorbis: bf7c407c2cedff20999df2af8eb42d56 -> 
  custom:audio-encoder-webm-vorbis: bf7c407c2cedff20999df2af8eb42d56 -> 
========================================================================
Received Import Request.
  Time since last request: 270.496724 seconds.
  path: Assets/scripts/Noon.cs
  artifactKey: Guid(c729aa3f57ae1cc4b9cbd6d016b69be0) Importer(815301076,1909f56bfc062723c751e8b465ee728b)
Start importing Assets/scripts/Noon.cs using Guid(c729aa3f57ae1cc4b9cbd6d016b69be0) Importer(815301076,1909f56bfc062723c751e8b465ee728b)  -> (artifact id: 'bff71d6c629429d7fbcb4c02d58f18d4') in 0.007603 seconds 
  Import took 0.010121 seconds .

========================================================================
Received Import Request.
  Time since last request: 0.028956 seconds.
  path: Assets/scripts/Noon.cs
  artifactKey: Guid(c729aa3f57ae1cc4b9cbd6d016b69be0) Importer(815301076,1909f56bfc062723c751e8b465ee728b)
Start importing Assets/scripts/Noon.cs using Guid(c729aa3f57ae1cc4b9cbd6d016b69be0) Importer(815301076,1909f56bfc062723c751e8b465ee728b)  -> (artifact id: 'bff71d6c629429d7fbcb4c02d58f18d4') in 0.004920 seconds 
  Import took 0.007464 seconds .

========================================================================
Received Prepare
Registering precompiled user dll's ...
Registered in 0.015535 seconds.
Begin MonoManager ReloadAssembly
Native extension for WindowsStandalone target not found
Refreshing native plugins compatible for Editor in 0.29 ms, found 2 plugins.
Preloading 0 native plugins for Editor in 0.00 ms.
Mono: successfully reloaded assembly
- Completed reload, in  1.362 seconds
Domain Reload Profiling:
	ReloadAssembly (1363ms)
		BeginReloadAssembly (144ms)
			ExecutionOrderSort (0ms)
			DisableScriptedObjects (12ms)
			BackupInstance (0ms)
			ReleaseScriptingObjects (0ms)
			CreateAndSetChildDomain (38ms)
		EndReloadAssembly (1146ms)
			LoadAssemblies (119ms)
			RebuildTransferFunctionScriptingTraits (0ms)
			SetupTypeCache (419ms)
			ReleaseScriptCaches (2ms)
			RebuildScriptCaches (51ms)
			SetupLoadedEditorAssemblies (446ms)
				LogAssemblyErrors (0ms)
				InitializePlatformSupportModulesInManaged (5ms)
				SetLoadedEditorAssemblies (1ms)
				RefreshPlugins (0ms)
				BeforeProcessingInitializeOnLoad (54ms)
				ProcessInitializeOnLoadAttributes (368ms)
				ProcessInitializeOnLoadMethodAttributes (6ms)
				AfterProcessingInitializeOnLoad (11ms)
				EditorAssembliesLoaded (0ms)
			ExecutionOrderSort2 (0ms)
			AwakeInstancesAfterBackupRestoration (12ms)
Platform modules already initialized, skipping
Refreshing native plugins compatible for Editor in 0.33 ms, found 2 plugins.
Preloading 0 native plugins for Editor in 0.00 ms.
Unloading 1394 Unused Serialized files (Serialized files now loaded: 0)
System memory in use before: 64.8 MB.
System memory in use after: 64.9 MB.

Unloading 13 unused Assets to reduce memory usage. Loaded Objects now: 1839.
Total: 3.266200 ms (FindLiveObjects: 0.142200 ms CreateObjectMapping: 0.038700 ms MarkObjects: 3.041100 ms  DeleteObjects: 0.042900 ms)

AssetImportParameters requested are different than current active one (requested -> active):
  custom:framework-win-MediaFoundation: 216162199b28c13a410421893ffa2e32 -> 
  custom:video-decoder-ogg-theora: a1e56fd34408186e4bbccfd4996cb3dc -> 
  custom:container-muxer-webm: aa71ff27fc2769a1b78a27578f13a17b -> 
  custom:container-demuxer-webm: 4f35f7cbe854078d1ac9338744f61a02 -> 
  custom:container-demuxer-ogg: 62fdf1f143b41e24485cea50d1cbac27 -> 
  custom:video-encoder-webm-vp8: eb34c28f22e8b96e1ab97ce403110664 -> 
  custom:video-decoder-webm-vp8: 9c59270c3fd7afecdb556c50c9e8de78 -> 
  custom:audio-decoder-ogg-vorbis: bf7c407c2cedff20999df2af8eb42d56 -> 
  custom:audio-encoder-webm-vorbis: bf7c407c2cedff20999df2af8eb42d56 -> 
========================================================================
Received Import Request.
  Time since last request: 1929.057851 seconds.
  path: Assets/scripts/SkyColor.cs
  artifactKey: Guid(2e0497f6e54cda24e80c23212e196732) Importer(815301076,1909f56bfc062723c751e8b465ee728b)
Start importing Assets/scripts/SkyColor.cs using Guid(2e0497f6e54cda24e80c23212e196732) Importer(815301076,1909f56bfc062723c751e8b465ee728b)  -> (artifact id: 'db850b61610a5b6e7df9105d18a7de43') in 0.025170 seconds 
  Import took 0.031625 seconds .

========================================================================
Received Import Request.
  Time since last request: 0.011668 seconds.
  path: Assets/scripts/SkyColor.cs
  artifactKey: Guid(2e0497f6e54cda24e80c23212e196732) Importer(815301076,1909f56bfc062723c751e8b465ee728b)
Start importing Assets/scripts/SkyColor.cs using Guid(2e0497f6e54cda24e80c23212e196732) Importer(815301076,1909f56bfc062723c751e8b465ee728b)  -> (artifact id: 'db850b61610a5b6e7df9105d18a7de43') in 0.007709 seconds 
  Import took 0.012137 seconds .

AssetImportWorkerClient::OnTransportError - code=2 error=End of file
